#
# There is insufficient memory for the Java Runtime Environment to continue.
# Native memory allocation (mmap) failed to map 132120576 bytes for Failed to commit area from 0x0000000083200000 to 0x000000008b000000 of length 132120576.
# Possible reasons:
#   The system is out of physical RAM or swap space
#   The process is running with CompressedOops enabled, and the Java Heap may be blocking the growth of the native heap
# Possible solutions:
#   Reduce memory load on the system
#   Increase physical memory or swap space
#   Check if swap backing store is full
#   Decrease Java heap size (-Xmx/-Xms)
#   Decrease number of Java threads
#   Decrease Java thread stack sizes (-Xss)
#   Set larger code cache with -XX:ReservedCodeCacheSize=
# This output file may be truncated or incomplete.
#
#  Out of Memory Error (./src/hotspot/os/windows/os_windows.cpp:3303), pid=2556, tid=10120
#
# JRE version:  (11.0.8+10) (build )
# Java VM: OpenJDK 64-Bit Server VM (11.0.8+10-b944.6842174, mixed mode, sharing, tiered, compressed oops, g1 gc, windows-amd64)
# No core dump will be written. Minidumps are not enabled by default on client versions of Windows
#

---------------  S U M M A R Y ------------

Command Line: org.jetbrains.git4idea.http.GitAskPassApp Username for 'https://github.com': 

Host: Intel(R) Core(TM) i7-10510U CPU @ 1.80GHz, 8 cores, 7G,  Windows 10 , 64 bit Build 19041 (10.0.19041.928)
Time: Mon Jun 14 06:11:32 2021 Œrodkowoeuropejski czas letni elapsed time: 0 seconds (0d 0h 0m 0s)

---------------  T H R E A D  ---------------

Current thread (0x0000026ad9938800):  JavaThread "Unknown thread" [_thread_in_vm, id=10120, stack(0x0000009e9e600000,0x0000009e9e700000)]

Stack: [0x0000009e9e600000,0x0000009e9e700000]
Native frames: (J=compiled Java code, j=interpreted, Vv=VM code, C=native code)
V  [jvm.dll+0x5de50a]
V  [jvm.dll+0x7122f5]
V  [jvm.dll+0x71384d]
V  [jvm.dll+0x713f03]
V  [jvm.dll+0x23e728]
V  [jvm.dll+0x5db9a4]
V  [jvm.dll+0x5d0ae5]
V  [jvm.dll+0x2fb20b]
V  [jvm.dll+0x2fb17a]
V  [jvm.dll+0x2fb052]
V  [jvm.dll+0x2fff16]
V  [jvm.dll+0x348743]
V  [jvm.dll+0x348e46]
V  [jvm.dll+0x348843]
V  [jvm.dll+0x2d5d68]
V  [jvm.dll+0x2d6f07]
V  [jvm.dll+0x6f11f7]
V  [jvm.dll+0x6f29ec]
V  [jvm.dll+0x355cb9]
V  [jvm.dll+0x6d4ade]
V  [jvm.dll+0x3bdfe3]
V  [jvm.dll+0x3c0201]
C  [jli.dll+0x5373]
C  [ucrtbase.dll+0x21bb2]
C  [KERNEL32.DLL+0x17034]
C  [ntdll.dll+0x52651]


---------------  P R O C E S S  ---------------

Threads class SMR info:
_java_thread_list=0x0000026ad76d8740, length=0, elements={
}

Java Threads: ( => current thread )

Other Threads:
  0x0000026ad994f800 GCTaskThread "GC Thread#0" [stack: 0x0000009e9e700000,0x0000009e9e800000] [id=14624]
  0x0000026ad9980000 ConcurrentGCThread "G1 Main Marker" [stack: 0x0000009e9e800000,0x0000009e9e900000] [id=8792]
  0x0000026ad9982000 ConcurrentGCThread "G1 Conc#0" [stack: 0x0000009e9e900000,0x0000009e9ea00000] [id=9800]

[error occurred during error reporting (printing all threads), id 0xc0000005, EXCEPTION_ACCESS_VIOLATION (0xc0000005) at pc=0x00007ffe83c76357]

VM state:not at safepoint (not fully initialized)

VM Mutex/Monitor currently owned by a thread:  ([mutex/lock_event])
[0x0000026ad9935150] Heap_lock - owner thread: 0x0000026ad9938800

Heap address: 0x0000000083200000, size: 1998 MB, Compressed Oops mode: Non-zero based: 0x0000000083200000
Narrow klass base: 0x0000000000000000, Narrow klass shift: 0

GC Heap History (0 events):
No events

Deoptimization events (0 events):
No events

Classes redefined (0 events):
No events

Internal exceptions (0 events):
No events

Events (1 events):
Event: 0.032 Loaded shared library C:\Program Files\Android\Android Studio\jre\bin\zip.dll


Dynamic libraries:
0x00007ff781770000 - 0x00007ff78177a000 	C:\Program Files\Android\Android Studio\jre\bin\java.exe
0x00007fff0e910000 - 0x00007fff0eb05000 	C:\WINDOWS\SYSTEM32\ntdll.dll
0x00007fff0d980000 - 0x00007fff0da3d000 	C:\WINDOWS\System32\KERNEL32.DLL
0x00007fff0c180000 - 0x00007fff0c448000 	C:\WINDOWS\System32\KERNELBASE.dll
0x00007fff046d0000 - 0x00007fff04760000 	C:\WINDOWS\SYSTEM32\apphelp.dll
0x00007fff0c7a0000 - 0x00007fff0c8a0000 	C:\WINDOWS\System32\ucrtbase.dll
0x00007fff01380000 - 0x00007fff01399000 	C:\Program Files\Android\Android Studio\jre\bin\jli.dll
0x00007ffee8880000 - 0x00007ffee8897000 	C:\Program Files\Android\Android Studio\jre\bin\VCRUNTIME140.dll
0x00007fff0e1b0000 - 0x00007fff0e350000 	C:\WINDOWS\System32\USER32.dll
0x00007fff0b470000 - 0x00007fff0b70a000 	C:\WINDOWS\WinSxS\amd64_microsoft.windows.common-controls_6595b64144ccf1df_6.0.19041.844_none_ca00b6081b84eb1d\COMCTL32.dll
0x00007fff0c8a0000 - 0x00007fff0c8c2000 	C:\WINDOWS\System32\win32u.dll
0x00007fff0e790000 - 0x00007fff0e7ba000 	C:\WINDOWS\System32\GDI32.dll
0x00007fff0e400000 - 0x00007fff0e49e000 	C:\WINDOWS\System32\msvcrt.dll
0x00007fff0c690000 - 0x00007fff0c79b000 	C:\WINDOWS\System32\gdi32full.dll
0x00007fff0c8d0000 - 0x00007fff0c96d000 	C:\WINDOWS\System32\msvcp_win.dll
0x00007fff0dec0000 - 0x00007fff0def0000 	C:\WINDOWS\System32\IMM32.DLL
0x00007ffed46a0000 - 0x00007ffed473d000 	C:\Program Files\Android\Android Studio\jre\bin\msvcp140.dll
0x00007ffe83990000 - 0x00007ffe8444c000 	C:\Program Files\Android\Android Studio\jre\bin\server\jvm.dll
0x00007fff0e820000 - 0x00007fff0e8cc000 	C:\WINDOWS\System32\ADVAPI32.dll
0x00007fff0e6f0000 - 0x00007fff0e78b000 	C:\WINDOWS\System32\sechost.dll
0x00007fff0def0000 - 0x00007fff0e01b000 	C:\WINDOWS\System32\RPCRT4.dll
0x00007fff0e6e0000 - 0x00007fff0e6e8000 	C:\WINDOWS\System32\PSAPI.DLL
0x00007ffee5b60000 - 0x00007ffee5b87000 	C:\WINDOWS\SYSTEM32\WINMM.dll
0x00007ffef3510000 - 0x00007ffef3519000 	C:\WINDOWS\SYSTEM32\WSOCK32.dll
0x00007fff0e4a0000 - 0x00007fff0e50b000 	C:\WINDOWS\System32\WS2_32.dll
0x00007fff08600000 - 0x00007fff0860a000 	C:\WINDOWS\SYSTEM32\VERSION.dll
0x00007fff09c10000 - 0x00007fff09c22000 	C:\WINDOWS\SYSTEM32\kernel.appcore.dll
0x00007ffefc6d0000 - 0x00007ffefc6e1000 	C:\Program Files\Android\Android Studio\jre\bin\verify.dll
0x00007fff0bad0000 - 0x00007fff0bcb4000 	C:\WINDOWS\SYSTEM32\DBGHELP.DLL
0x00007fff0b9d0000 - 0x00007fff0b9fc000 	C:\WINDOWS\SYSTEM32\dbgcore.DLL
0x00007fff0c100000 - 0x00007fff0c180000 	C:\WINDOWS\System32\bcryptPrimitives.dll
0x00007ffedec90000 - 0x00007ffedecb9000 	C:\Program Files\Android\Android Studio\jre\bin\java.dll
0x00007ffef2f10000 - 0x00007ffef2f1b000 	C:\Program Files\Android\Android Studio\jre\bin\jimage.dll
0x00007ffee8ab0000 - 0x00007ffee8ac8000 	C:\Program Files\Android\Android Studio\jre\bin\zip.dll

dbghelp: loaded successfully - version: 4.0.5 - missing functions: none
symbol engine: initialized successfully - sym options: 0x614 - pdb path: .;C:\Program Files\Android\Android Studio\jre\bin;C:\WINDOWS\SYSTEM32;C:\WINDOWS\WinSxS\amd64_microsoft.windows.common-controls_6595b64144ccf1df_6.0.19041.844_none_ca00b6081b84eb1d;C:\Program Files\Android\Android Studio\jre\bin\server

VM Arguments:
java_command: org.jetbrains.git4idea.http.GitAskPassApp Username for 'https://github.com': 
java_class_path (initial): C:/Program Files/Android/Android Studio/plugins/git4idea/lib/git4idea-rt.jar;C:/Program Files/Android/Android Studio/lib/xmlrpc-2.0.1.jar;C:/Program Files/Android/Android Studio/lib/commons-codec-1.14.jar
Launcher Type: SUN_STANDARD

[Global flags]
     intx CICompilerCount                          = 4                                         {product} {ergonomic}
     uint ConcGCThreads                            = 2                                         {product} {ergonomic}
     uint G1ConcRefinementThreads                  = 8                                         {product} {ergonomic}
   size_t G1HeapRegionSize                         = 1048576                                   {product} {ergonomic}
    uintx GCDrainStackTargetSize                   = 64                                        {product} {ergonomic}
   size_t InitialHeapSize                          = 132120576                                 {product} {ergonomic}
   size_t MarkStackSize                            = 4194304                                   {product} {ergonomic}
   size_t MaxHeapSize                              = 2095054848                                {product} {ergonomic}
   size_t MinHeapDeltaBytes                        = 1048576                                   {product} {ergonomic}
    uintx NonNMethodCodeHeapSize                   = 5836300                                {pd product} {ergonomic}
    uintx NonProfiledCodeHeapSize                  = 122910970                              {pd product} {ergonomic}
    uintx ProfiledCodeHeapSize                     = 122910970                              {pd product} {ergonomic}
    uintx ReservedCodeCacheSize                    = 251658240                              {pd product} {ergonomic}
     bool SegmentedCodeCache                       = true                                      {product} {ergonomic}
     bool UseCompressedClassPointers               = true                                 {lp64_product} {ergonomic}
     bool UseCompressedOops                        = true                                 {lp64_product} {ergonomic}
     bool UseG1GC                                  = true                                      {product} {ergonomic}
     bool UseLargePagesIndividualAllocation        = false                                  {pd product} {ergonomic}

Logging:
Log output configuration:
 #0: stdout all=warning uptime,level,tags
 #1: stderr all=off uptime,level,tags

Environment Variables:
JAVA_HOME=C:\Program Files\Java\jdk1.8.0_261
PATH=C:/Program Files/Git/mingw64/libexec/git-core;C:/Program Files/Git/mingw64/libexec/git-core;C:\Program Files\Git\mingw64\bin;C:\Program Files\Git\usr\bin;C:\Users\domin\bin;C:\Program Files\Python39\Scripts\;C:\Program Files\Python39\;C:\Program Files\Common Files\Oracle\Java\javapath;C:\Program Files (x86)\Common Files\Intel\Shared Libraries\redist\intel64_win\compiler;C:\Program Files (x86)\Common Files\Oracle\Java\javapath;C:\WINDOWS\system32;C:\WINDOWS;C:\WINDOWS\System32\Wbem;C:\WINDOWS\System32\WindowsPowerShell\v1.0\;C:\WINDOWS\System32\OpenSSH\;C:\Program Files\dotnet\;C:\Program Files\Microsoft SQL Server\130\Tools\Binn\;C:\Program Files\Microsoft SQL Server\Client SDK\ODBC\170\Tools\Binn\;C:\Program Files\nodejs\;C:\ProgramData\chocolatey\bin;C:\Program Files\Calibre2\;C:\Program Files\Git\cmd;C:\Program Files\PuTTY\;C:\Program Files\Docker\Docker\resources\bin;C:\ProgramData\DockerDesktop\version-bin;C:\Users\domin\AppData\Local\Microsoft\WindowsApps;C:\Users\domin\AppData\Local\Programs\Microsoft VS Code\bin;C:\Users\domin\.dotnet\tools;C:\Users\domin\AppData\Roaming\npm;C:\Users\domin\AppData\Local\GitHubDesktop\bin;C:\Users\domin\.dotnet\tools;C:\Users\domin\AppData\Local\Microsoft\WindowsApps;C:\Users\domin\AppData\Local\Programs\MiKTeX\miktex\bin\x64\
USERNAME=domin
DISPLAY=:0.0
LC_ALL=en_US.UTF-8
OS=Windows_NT
PROCESSOR_IDENTIFIER=Intel64 Family 6 Model 142 Stepping 12, GenuineIntel



---------------  S Y S T E M  ---------------

OS: Windows 10 , 64 bit Build 19041 (10.0.19041.928)
OS uptime: 24 days 20:52 hours
HyperV virtualization detected

CPU:total 8 (initial active 8) (4 cores per cpu, 2 threads per core) family 6 model 142 stepping 12, cmov, cx8, fxsr, mmx, sse, sse2, sse3, ssse3, sse4.1, sse4.2, popcnt, avx, avx2, aes, clmul, erms, 3dnowpref, lzcnt, ht, tsc, tscinvbit, bmi1, bmi2, adx, fma

Memory: 4k page, system-wide physical 7991M (324M free)
TotalPageFile size 32567M (AvailPageFile size 61M)
current process WorkingSet (physical memory assigned to process): 10M, peak: 10M
current process commit charge ("private bytes"): 60M, peak: 185M

vm_info: OpenJDK 64-Bit Server VM (11.0.8+10-b944.6842174) for windows-amd64 JRE (11.0.8+10-b944.6842174), built on Sep 19 2020 01:11:42 by "builder" with MS VC++ 14.0 (VS2015)

END.
